<?xml version="1.0" encoding="UTF-8"?>
<!-- Generated by org.testng.reporters.JUnitXMLReporter -->
<testsuite ignored="0" hostname="Om-Satapthy01" failures="1" tests="2" name="Surefire test" time="67.624" errors="0" timestamp="2024-11-10T18:39:07 IST">
  <testcase classname="systemsplus.HomePageTest" name="testSearchFunctionality" time="1.134">
    <failure type="org.openqa.selenium.ElementClickInterceptedException" message="element click intercepted: Element &amp;lt;button type=&amp;quot;button&amp;quot; class=&amp;quot;close&amp;quot; data-dismiss=&amp;quot;modal&amp;quot; aria-label=&amp;quot;Close&amp;quot; id=&amp;quot;closeSurveyPopup&amp;quot;&amp;gt;...&amp;lt;/button&amp;gt; is not clickable at point (1104, 19). Other element would receive the click: &amp;lt;div class=&amp;quot;onetrust-pc-dark-filter ot-fade-in&amp;quot; style=&amp;quot;
                    transition: visibility 0s 400ms, opacity 400ms linear;
                    opacity: 0;visibility: hidden;z-index:2147483645;&amp;quot;&amp;gt;&amp;lt;/div&amp;gt;
  (Session info: chrome=130.0.6723.117)
Build info: version: &amp;apos;4.8.2&amp;apos;, revision: &amp;apos;826dbfc730&amp;apos;
System info: os.name: &amp;apos;Mac OS X&amp;apos;, os.arch: &amp;apos;aarch64&amp;apos;, os.version: &amp;apos;13.0&amp;apos;, java.version: &amp;apos;20.0.1&amp;apos;
Driver info: org.openqa.selenium.chrome.ChromeDriver
Command: [329ccceb7db8cc033c03dd93a4f25903, clickElement {id=f.8A8339ACDE5CC1F59A911F9DA68C3993.d.8D2F779E3B1020115F6481F4E5649588.e.45}]
Capabilities {acceptInsecureCerts: false, browserName: chrome, browserVersion: 130.0.6723.117, chrome: {chromedriverVersion: 130.0.6723.116 (6ac35f94ae3..., userDataDir: /var/folders/vj/nlycg35525x...}, fedcm:accounts: true, goog:chromeOptions: {debuggerAddress: localhost:50253}, networkConnectionEnabled: false, pageLoadStrategy: normal, platformName: MAC, proxy: Proxy(), se:cdp: ws://localhost:50253/devtoo..., se:cdpVersion: 130.0.6723.117, setWindowRect: true, strictFileInteractability: false, timeouts: {implicit: 0, pageLoad: 300000, script: 30000}, unhandledPromptBehavior: dismiss and notify, webauthn:extension:credBlob: true, webauthn:extension:largeBlob: true, webauthn:extension:minPinLength: true, webauthn:extension:prf: true, webauthn:virtualAuthenticators: true}
Element: [[ChromeDriver: chrome on MAC (329ccceb7db8cc033c03dd93a4f25903)] -&amp;gt; xpath: //button[@class=&amp;apos;close&amp;apos;]]
Session ID: 329ccceb7db8cc033c03dd93a4f25903">
      <![CDATA[org.openqa.selenium.ElementClickInterceptedException: element click intercepted: Element <button type="button" class="close" data-dismiss="modal" aria-label="Close" id="closeSurveyPopup">...</button> is not clickable at point (1104, 19). Other element would receive the click: <div class="onetrust-pc-dark-filter ot-fade-in" style="
                    transition: visibility 0s 400ms, opacity 400ms linear;
                    opacity: 0;visibility: hidden;z-index:2147483645;"></div>
  (Session info: chrome=130.0.6723.117)
Build info: version: '4.8.2', revision: '826dbfc730'
System info: os.name: 'Mac OS X', os.arch: 'aarch64', os.version: '13.0', java.version: '20.0.1'
Driver info: org.openqa.selenium.chrome.ChromeDriver
Command: [329ccceb7db8cc033c03dd93a4f25903, clickElement {id=f.8A8339ACDE5CC1F59A911F9DA68C3993.d.8D2F779E3B1020115F6481F4E5649588.e.45}]
Capabilities {acceptInsecureCerts: false, browserName: chrome, browserVersion: 130.0.6723.117, chrome: {chromedriverVersion: 130.0.6723.116 (6ac35f94ae3..., userDataDir: /var/folders/vj/nlycg35525x...}, fedcm:accounts: true, goog:chromeOptions: {debuggerAddress: localhost:50253}, networkConnectionEnabled: false, pageLoadStrategy: normal, platformName: MAC, proxy: Proxy(), se:cdp: ws://localhost:50253/devtoo..., se:cdpVersion: 130.0.6723.117, setWindowRect: true, strictFileInteractability: false, timeouts: {implicit: 0, pageLoad: 300000, script: 30000}, unhandledPromptBehavior: dismiss and notify, webauthn:extension:credBlob: true, webauthn:extension:largeBlob: true, webauthn:extension:minPinLength: true, webauthn:extension:prf: true, webauthn:virtualAuthenticators: true}
Element: [[ChromeDriver: chrome on MAC (329ccceb7db8cc033c03dd93a4f25903)] -> xpath: //button[@class='close']]
Session ID: 329ccceb7db8cc033c03dd93a4f25903
at org.openqa.selenium.remote.codec.w3c.W3CHttpResponseCodec.createException(W3CHttpResponseCodec.java:200)
at org.openqa.selenium.remote.codec.w3c.W3CHttpResponseCodec.decode(W3CHttpResponseCodec.java:133)
at org.openqa.selenium.remote.codec.w3c.W3CHttpResponseCodec.decode(W3CHttpResponseCodec.java:53)
at org.openqa.selenium.remote.HttpCommandExecutor.execute(HttpCommandExecutor.java:193)
at org.openqa.selenium.remote.service.DriverCommandExecutor.invokeExecute(DriverCommandExecutor.java:183)
at org.openqa.selenium.remote.service.DriverCommandExecutor.execute(DriverCommandExecutor.java:158)
at org.openqa.selenium.remote.RemoteWebDriver.execute(RemoteWebDriver.java:543)
at org.openqa.selenium.remote.RemoteWebElement.execute(RemoteWebElement.java:257)
at org.openqa.selenium.remote.RemoteWebElement.click(RemoteWebElement.java:78)
at systemsplus.HomePageTest.testSearchFunctionality(HomePageTest.java:32)
at java.base/java.util.ArrayList.forEach(ArrayList.java:1511)
... Removed 33 stack frames]]>
    </failure>
  </testcase> <!-- testSearchFunctionality -->
  <testcase classname="systemsplus.HomePageTest" name="testLocationFuctionality" time="41.675"/>
</testsuite> <!-- Surefire test -->
